0 info it worked if it ends with ok
1 verbose cli [ '/usr/local/bin/node', '/usr/local/bin/npm', 'run', 'devUp' ]
2 info using npm@3.10.9
3 info using node@v7.1.0
4 verbose run-script [ 'predevUp', 'devUp', 'postdevUp' ]
5 info lifecycle simon_game@1.0.0~predevUp: simon_game@1.0.0
6 silly lifecycle simon_game@1.0.0~predevUp: no script for predevUp, continuing
7 info lifecycle simon_game@1.0.0~devUp: simon_game@1.0.0
8 verbose lifecycle simon_game@1.0.0~devUp: unsafe-perm in lifecycle true
9 verbose lifecycle simon_game@1.0.0~devUp: PATH: /usr/local/lib/node_modules/npm/bin/node-gyp-bin:/Users/minh/personal_projects/simon_game/node_modules/.bin:/Users/minh/anaconda/bin:/Library/Frameworks/Python.framework/Versions/3.5/bin:/usr/local/bin:/usr/bin:/bin:/usr/sbin:/sbin
10 verbose lifecycle simon_game@1.0.0~devUp: CWD: /Users/minh/personal_projects/simon_game
11 silly lifecycle simon_game@1.0.0~devUp: Args: [ '-c', 'forever nodemon --exitcrash app.js' ]
12 silly lifecycle simon_game@1.0.0~devUp: Returned: code: 255  signal: null
13 info lifecycle simon_game@1.0.0~devUp: Failed to exec devUp script
14 verbose stack Error: simon_game@1.0.0 devUp: `forever nodemon --exitcrash app.js`
14 verbose stack Exit status 255
14 verbose stack     at EventEmitter.<anonymous> (/usr/local/lib/node_modules/npm/lib/utils/lifecycle.js:255:16)
14 verbose stack     at emitTwo (events.js:106:13)
14 verbose stack     at EventEmitter.emit (events.js:191:7)
14 verbose stack     at ChildProcess.<anonymous> (/usr/local/lib/node_modules/npm/lib/utils/spawn.js:40:14)
14 verbose stack     at emitTwo (events.js:106:13)
14 verbose stack     at ChildProcess.emit (events.js:191:7)
14 verbose stack     at maybeClose (internal/child_process.js:885:16)
14 verbose stack     at Process.ChildProcess._handle.onexit (internal/child_process.js:226:5)
15 verbose pkgid simon_game@1.0.0
16 verbose cwd /Users/minh/personal_projects/simon_game
17 error Darwin 15.6.0
18 error argv "/usr/local/bin/node" "/usr/local/bin/npm" "run" "devUp"
19 error node v7.1.0
20 error npm  v3.10.9
21 error code ELIFECYCLE
22 error simon_game@1.0.0 devUp: `forever nodemon --exitcrash app.js`
22 error Exit status 255
23 error Failed at the simon_game@1.0.0 devUp script 'forever nodemon --exitcrash app.js'.
23 error Make sure you have the latest version of node.js and npm installed.
23 error If you do, this is most likely a problem with the simon_game package,
23 error not with npm itself.
23 error Tell the author that this fails on your system:
23 error     forever nodemon --exitcrash app.js
23 error You can get information on how to open an issue for this project with:
23 error     npm bugs simon_game
23 error Or if that isn't available, you can get their info via:
23 error     npm owner ls simon_game
23 error There is likely additional logging output above.
24 verbose exit [ 1, true ]
